<?xml version="1.0" encoding="UTF-8"?>
<testng-results ignored="0" total="1" passed="1" failed="0" skipped="0">
  <reporter-output>
  </reporter-output>
  <suite started-at="2021-02-22T23:34:23 IST" name="Suite" finished-at="2021-02-22T23:34:24 IST" duration-ms="141">
    <groups>
    </groups>
    <test started-at="2021-02-22T23:34:23 IST" name="Test" finished-at="2021-02-22T23:34:24 IST" duration-ms="141">
      <class name="Sample.HelloWorld">
        <test-method signature="PrintHello()[pri:0, instance:Sample.HelloWorld@4c309d4d]" started-at="2021-02-22T23:34:24 IST" name="PrintHello" finished-at="2021-02-22T23:34:24 IST" duration-ms="19" status="PASS">
          <reporter-output>
          </reporter-output>
        </test-method> <!-- PrintHello -->
      </class> <!-- Sample.HelloWorld -->
    </test> <!-- Test -->
  </suite> <!-- Suite -->
</testng-results>
